2023-12-25T13:55:47.374Z [store-api] info : Servidor rodando na porta 3000
2023-12-25T13:58:42.803Z [store-api] info : Servidor rodando na porta 3000
2023-12-25T13:59:50.806Z [store-api] info : Servidor rodando na porta 3000
2023-12-25T14:33:23.109Z [store-api] info : Servidor rodando na porta 3000
2023-12-25T14:38:27.149Z [store-api] info : Servidor rodando na porta 3000
2023-12-25T14:40:11.595Z [store-api] info : Servidor rodando na porta 3000
2023-12-25T14:43:10.549Z [store-api] info : Servidor rodando na porta 3000
2023-12-25T14:45:54.733Z [store-api] info : Servidor rodando na porta 3000
2023-12-25T14:46:05.021Z [store-api] error : POST  - O preenchimento dos campos de nome, CPF, telefone, e-mail e endereço é obrigatório.
2023-12-25T14:48:02.080Z [store-api] info : Servidor rodando na porta 3000
2023-12-25T14:48:53.921Z [store-api] info : Servidor rodando na porta 3000
2023-12-25T14:49:45.825Z [store-api] info : Servidor rodando na porta 3000
2023-12-25T14:50:00.913Z [store-api] info : Servidor rodando na porta 3000
2023-12-25T14:50:15.736Z [store-api] error : POST  - O preenchimento dos campos de nome, CPF, telefone, e-mail e endereço é obrigatório.
2023-12-25T14:51:04.257Z [store-api] info : Servidor rodando na porta 3000
2023-12-25T14:51:10.447Z [store-api] error : POST  - O preenchimento dos campos de nome, CPF, telefone, e-mail e endereço é obrigatório.
2023-12-25T14:58:41.824Z [store-api] error : POST  - O preenchimento dos campos de nome, CPF, telefone, e-mail e endereço é obrigatório.
2023-12-25T15:00:23.359Z [store-api] info : Servidor rodando na porta 3000
2023-12-25T15:01:22.322Z [store-api] info : Servidor rodando na porta 3000
2023-12-25T15:02:13.599Z [store-api] info : Servidor rodando na porta 3000
2023-12-25T15:02:17.894Z [store-api] error : POST  - O preenchimento dos campos de nome, CPF, telefone, e-mail e endereço é obrigatório.
2023-12-25T15:04:05.179Z [store-api] info : Servidor rodando na porta 3000
2023-12-25T15:04:54.022Z [store-api] info : Servidor rodando na porta 3000
2023-12-25T16:15:24.784Z [store-api] error : POST  - O preenchimento dos campos de nome, CPF, telefone, e-mail e endereço é obrigatório.
2023-12-25T16:38:24.403Z [store-api] info : Servidor rodando na porta 3000
2023-12-25T16:38:29.409Z [store-api] error : POST  - O preenchimento dos campos de nome, CPF, telefone, e-mail e endereço é obrigatório.
2023-12-25T16:40:29.809Z [store-api] error : POST  - O preenchimento dos campos de nome, CPF, telefone, e-mail e endereço é obrigatório.
2023-12-25T16:47:08.032Z [store-api] info : Servidor rodando na porta 3000
2023-12-25T16:49:41.683Z [store-api] info : Servidor rodando na porta 3000
2023-12-25T16:53:48.335Z [store-api] info : Servidor rodando na porta 3000
2023-12-25T16:58:47.284Z [store-api] info : Servidor rodando na porta 3000
2023-12-25T17:01:42.130Z [store-api] info : Servidor rodando na porta 3000
2023-12-25T17:02:27.908Z [store-api] info : Servidor rodando na porta 3000
2023-12-25T17:04:21.599Z [store-api] info : POST /client - {"name":"João","cpf":"111.111.111-11","phone":"1234-5678","email":"joao@email.com","address":"Rua X, 20"}
2023-12-25T17:09:20.141Z [store-api] info : Servidor rodando na porta 3000
2023-12-25T17:09:39.331Z [store-api] info : POST /client - {"name":"João","cpf":"111.111.111-11","phone":"1234-5678","email":"joao@email.com","address":"Rua X, 20"}
2023-12-25T19:12:47.471Z [store-api] info : Servidor rodando na porta 3000
2023-12-25T19:14:33.310Z [store-api] info : POST /client - {"name":"Paulo","cpf":"123.123.123-12","phone":"3333-5678","email":"paulo@email.com","address":"Rua S, 200"}
2023-12-25T19:21:13.527Z [store-api] info : Servidor rodando na porta 3000
2023-12-25T19:23:54.145Z [store-api] info : Servidor rodando na porta 3000
2023-12-25T19:24:16.154Z [store-api] info : Servidor rodando na porta 3000
2023-12-25T19:25:04.263Z [store-api] info : Servidor rodando na porta 3000
2023-12-25T19:26:28.544Z [store-api] info : Servidor rodando na porta 3000
2023-12-25T19:27:05.851Z [store-api] info : Servidor rodando na porta 3000
2023-12-25T19:30:07.119Z [store-api] info : Servidor rodando na porta 3000
2023-12-25T19:30:16.584Z [store-api] info : Servidor rodando na porta 3000
2023-12-25T19:32:27.389Z [store-api] info : Servidor rodando na porta 3000
2023-12-25T19:42:29.879Z [store-api] info : Servidor rodando na porta 3000
2023-12-25T19:42:35.242Z [store-api] info : Servidor rodando na porta 3000
2023-12-25T19:43:13.362Z [store-api] info : Servidor rodando na porta 3000
2023-12-25T19:44:04.173Z [store-api] info : Servidor rodando na porta 3000
2023-12-25T19:44:26.976Z [store-api] error : POST  - Unexpected token G in JSON at position 149
2023-12-25T19:47:27.402Z [store-api] info : Servidor rodando na porta 3000
2023-12-25T19:47:50.716Z [store-api] info : GET /client
2023-12-25T19:48:13.760Z [store-api] info : GET /client
2023-12-25T19:48:34.850Z [store-api] info : Servidor rodando na porta 3000
2023-12-25T19:48:40.767Z [store-api] info : GET /client
2023-12-25T19:58:31.902Z [store-api] info : Servidor rodando na porta 3000
2023-12-25T19:59:12.791Z [store-api] info : Servidor rodando na porta 3000
2023-12-25T20:01:08.636Z [store-api] info : Servidor rodando na porta 3000
2023-12-25T20:01:16.409Z [store-api] info : Servidor rodando na porta 3000
2023-12-25T20:02:55.753Z [store-api] info : Servidor rodando na porta 3000
2023-12-25T20:03:24.940Z [store-api] info : Servidor rodando na porta 3000
2023-12-25T20:03:52.800Z [store-api] info : GET /client/:id
2023-12-25T20:04:13.267Z [store-api] info : GET /client/:id
2023-12-25T20:11:34.456Z [store-api] info : Servidor rodando na porta 3000
2023-12-25T20:13:34.457Z [store-api] info : Servidor rodando na porta 3000
2023-12-25T20:14:53.732Z [store-api] info : Servidor rodando na porta 3000
2023-12-25T20:15:46.867Z [store-api] info : Servidor rodando na porta 3000
2023-12-25T20:16:00.177Z [store-api] info : GET /client/:id
2023-12-25T20:16:25.505Z [store-api] error : DELETE  - id is not defined
2023-12-25T20:17:53.400Z [store-api] info : Servidor rodando na porta 3000
2023-12-25T20:18:07.264Z [store-api] error : DELETE  - id is not defined
2023-12-25T20:19:38.087Z [store-api] info : Servidor rodando na porta 3000
2023-12-25T20:19:50.177Z [store-api] info : DELETE /client/:id - 3
2023-12-25T20:21:46.607Z [store-api] info : GET /client
2023-12-25T20:27:58.164Z [store-api] info : Servidor rodando na porta 3000
2023-12-25T20:29:08.143Z [store-api] info : Servidor rodando na porta 3000
2023-12-25T20:31:56.781Z [store-api] info : Servidor rodando na porta 3000
2023-12-25T20:33:10.902Z [store-api] info : Servidor rodando na porta 3000
2023-12-25T20:33:26.893Z [store-api] info : Servidor rodando na porta 3000
2023-12-25T20:35:10.789Z [store-api] info : Servidor rodando na porta 3000
2023-12-25T20:35:16.696Z [store-api] info : Servidor rodando na porta 3000
2023-12-25T20:36:11.425Z [store-api] info : Servidor rodando na porta 3000
2023-12-25T20:36:51.330Z [store-api] info : GET /client
2023-12-25T20:38:42.212Z [store-api] info : PUT /client - {"client_id":1,"name":"João Silva","cpf":"111.111.111-11","phone":"1234-5678","email":"joao@email.com","address":"Rua X, 20"}
2023-12-25T20:38:47.519Z [store-api] info : GET /client
2023-12-25T20:41:59.532Z [store-api] info : Servidor rodando na porta 3000
2023-12-25T20:44:21.668Z [store-api] info : Servidor rodando na porta 3000
2023-12-25T20:45:03.364Z [store-api] info : Servidor rodando na porta 3000
2023-12-25T20:47:26.330Z [store-api] info : POST /client - {"client_id":4,"name":"Paulo Costa","cpf":"222.222.222-22","phone":"2222-5678","email":"paulocosta@email.com","address":"Rua das Roseiras, 10"}
2023-12-25T20:49:32.454Z [store-api] info : PUT /client - {"client_id":1,"name":"João da Silva","cpf":"111.111.111-11","phone":"1234-5678","email":"joao@email.com","address":"Rua X, 20"}
2023-12-25T20:49:37.436Z [store-api] info : GET /client
2023-12-26T12:00:08.135Z [store-api] info : Servidor rodando na porta 3000
2023-12-26T12:00:13.914Z [store-api] info : GET /client
2023-12-26T12:10:13.881Z [store-api] info : Servidor rodando na porta 3000
2023-12-26T12:11:31.290Z [store-api] info : Servidor rodando na porta 3000
2023-12-26T12:12:11.168Z [store-api] info : Servidor rodando na porta 3000
2023-12-26T12:15:03.134Z [store-api] info : Servidor rodando na porta 3000
2023-12-26T12:16:02.977Z [store-api] info : Servidor rodando na porta 3000
2023-12-26T12:17:05.207Z [store-api] info : Servidor rodando na porta 3000
2023-12-26T12:17:35.812Z [store-api] error : POST  - O preenchimento dos campos de nome, CNPJ, telefone, e-mail e endereço é obrigatório.
2023-12-26T12:18:15.341Z [store-api] info : GET /client
2023-12-26T12:20:59.422Z [store-api] info : Servidor rodando na porta 3000
2023-12-26T12:22:44.172Z [store-api] info : Servidor rodando na porta 3000
2023-12-26T12:28:11.698Z [store-api] info : Servidor rodando na porta 3000
2023-12-26T12:28:38.274Z [store-api] info : Servidor rodando na porta 3000
2023-12-26T12:29:03.100Z [store-api] info : Servidor rodando na porta 3000
2023-12-26T12:29:09.225Z [store-api] error : POST  - O preenchimento dos campos de nome, CNPJ, telefone, e-mail e endereço é obrigatório.
2023-12-26T12:30:23.830Z [store-api] info : Servidor rodando na porta 3000
2023-12-26T12:31:35.208Z [store-api] info : Servidor rodando na porta 3000
2023-12-26T12:32:12.807Z [store-api] info : Servidor rodando na porta 3000
2023-12-26T12:32:19.747Z [store-api] error : POST  - O preenchimento dos campos de nome, CNPJ, telefone, e-mail e endereço é obrigatório.
2023-12-26T12:32:51.147Z [store-api] info : Servidor rodando na porta 3000
2023-12-26T12:37:05.979Z [store-api] info : POST /supplier - undefined
2023-12-26T13:12:58.786Z [store-api] info : Servidor rodando na porta 3000
2023-12-26T13:14:32.875Z [store-api] info : Servidor rodando na porta 3000
2023-12-26T13:15:09.106Z [store-api] info : POST /supplier - {"supplier_id":1,"name":"Empresa do João","cnpj":"39.354.025/0001-29","phone":"(87) 3275-7563","email":"empresadojoao@email.com","address":"Rua Francisco Rodrigues Penteado, 823"}
2023-12-26T13:17:16.531Z [store-api] info : POST /supplier - {"supplier_id":2,"name":"Osvaldo e Bruno Lavanderia Ltda","cnpj":"64.123.919/0001-55","phone":"(16) 2854-9750","email":"atendimento@osvaldoebrunolavanderialtda.com.br","address":"Rua Victório Chiozzini, 622"}
2023-12-26T13:19:01.633Z [store-api] info : Servidor rodando na porta 3000
2023-12-26T13:20:05.610Z [store-api] info : Servidor rodando na porta 3000
2023-12-26T13:22:00.368Z [store-api] info : Servidor rodando na porta 3000
2023-12-26T13:22:37.946Z [store-api] info : Servidor rodando na porta 3000
2023-12-26T13:23:39.240Z [store-api] info : Servidor rodando na porta 3000
2023-12-26T13:23:44.919Z [store-api] info : GET /supplier
2023-12-26T13:25:04.592Z [store-api] info : Servidor rodando na porta 3000
2023-12-26T13:26:03.576Z [store-api] info : Servidor rodando na porta 3000
2023-12-26T13:27:01.560Z [store-api] info : Servidor rodando na porta 3000
2023-12-26T13:27:27.638Z [store-api] info : Servidor rodando na porta 3000
2023-12-26T13:27:50.236Z [store-api] error : GET  - column "client_id" does not exist
2023-12-26T13:28:14.831Z [store-api] info : Servidor rodando na porta 3000
2023-12-26T13:28:22.008Z [store-api] info : GET /supplier/:id
2023-12-26T13:31:09.290Z [store-api] info : GET /supplier/:id
2023-12-26T13:31:15.347Z [store-api] info : GET /supplier
2023-12-26T13:36:45.484Z [store-api] info : POST /supplier - {"supplier_id":3,"name":"Francisco e Danilo Telecom Ltda","cnpj":"42.136.228/0001-53","phone":"(14) 3691-0533","email":"cobranca@franciscoedanilotelecomltda.com.br","address":"Rua Arlindo Jotta, 635"}
2023-12-26T13:36:52.383Z [store-api] info : GET /supplier
2023-12-26T13:39:01.069Z [store-api] info : Servidor rodando na porta 3000
2023-12-26T13:39:08.788Z [store-api] info : Servidor rodando na porta 3000
2023-12-26T13:40:02.483Z [store-api] info : Servidor rodando na porta 3000
2023-12-26T13:40:12.115Z [store-api] info : Servidor rodando na porta 3000
2023-12-26T13:41:30.547Z [store-api] info : Servidor rodando na porta 3000
2023-12-26T13:41:37.947Z [store-api] info : Servidor rodando na porta 3000
2023-12-26T13:42:23.276Z [store-api] info : Servidor rodando na porta 3000
2023-12-26T13:43:33.309Z [store-api] info : PUT /supplier - undefined
2023-12-26T13:43:47.988Z [store-api] info : PUT /supplier - undefined
2023-12-26T13:43:54.520Z [store-api] info : GET /supplier
2023-12-26T13:45:35.281Z [store-api] info : GET /supplier
2023-12-26T13:46:30.610Z [store-api] info : Servidor rodando na porta 3000
2023-12-26T13:46:40.874Z [store-api] info : PUT /supplier - {"supplier_id":3,"name":"Francisco e Danilo Telecomunicações Ltda","cnpj":"42.136.228/0001-53","phone":"(14) 3691-0533","email":"cobranca@franciscoedanilotelecomltda.com.br","address":"Rua Arlindo Jotta, 635"}
2023-12-26T13:46:47.891Z [store-api] info : GET /supplier
2023-12-26T13:48:00.434Z [store-api] info : Servidor rodando na porta 3000
2023-12-26T13:48:54.204Z [store-api] info : Servidor rodando na porta 3000
2023-12-26T13:50:00.317Z [store-api] info : Servidor rodando na porta 3000
2023-12-26T13:50:40.582Z [store-api] info : Servidor rodando na porta 3000
2023-12-26T13:51:12.991Z [store-api] info : DELETE /supplier/:id - 3
2023-12-26T13:51:18.479Z [store-api] info : GET /supplier
2023-12-26T14:27:20.913Z [store-api] info : Servidor rodando na porta 3000
2023-12-26T14:29:18.613Z [store-api] info : Servidor rodando na porta 3000
2023-12-26T14:30:17.368Z [store-api] info : Servidor rodando na porta 3000
2023-12-26T14:32:19.395Z [store-api] info : Servidor rodando na porta 3000
2023-12-26T14:33:48.874Z [store-api] info : Servidor rodando na porta 3000
2023-12-26T14:36:56.920Z [store-api] info : Servidor rodando na porta 3000
2023-12-26T14:37:27.872Z [store-api] info : Servidor rodando na porta 3000
2023-12-26T14:39:07.310Z [store-api] info : Servidor rodando na porta 3000
2023-12-26T14:41:22.893Z [store-api] info : Servidor rodando na porta 3000
2023-12-26T14:48:55.251Z [store-api] info : PUT /supplier - undefined
2023-12-26T14:49:04.421Z [store-api] info : GET /client
2023-12-26T14:50:20.687Z [store-api] info : Servidor rodando na porta 3000
2023-12-26T14:50:37.219Z [store-api] info : Servidor rodando na porta 3000
2023-12-26T14:50:52.737Z [store-api] info : Servidor rodando na porta 3000
2023-12-26T14:51:12.621Z [store-api] info : Servidor rodando na porta 3000
2023-12-26T14:52:47.728Z [store-api] info : Servidor rodando na porta 3000
2023-12-26T16:30:11.190Z [store-api] info : Servidor rodando na porta 3000
2023-12-26T16:31:07.435Z [store-api] info : Servidor rodando na porta 3000
2023-12-26T16:31:53.795Z [store-api] info : Servidor rodando na porta 3000
2023-12-26T16:32:01.845Z [store-api] error : POST  - O preenchimento dos campos de nome, descrição, valor, estoque e id do fornecedor é obrigatório.
2023-12-26T16:36:25.908Z [store-api] info : Servidor rodando na porta 3000
2023-12-26T16:37:50.845Z [store-api] info : Servidor rodando na porta 3000
2023-12-26T16:40:19.721Z [store-api] info : Servidor rodando na porta 3000
2023-12-26T16:40:45.023Z [store-api] info : Servidor rodando na porta 3000
2023-12-26T16:41:05.174Z [store-api] error : POST  - column "cpf" of relation "products" does not exist
2023-12-26T16:41:52.722Z [store-api] info : Servidor rodando na porta 3000
2023-12-26T16:41:57.022Z [store-api] info : POST /product - {"product_id":1,"supplier_id":1,"name":"Telefone sem fio","description":"Telefone sem fio muito prático","value":"200","stock":100}
2023-12-26T16:42:15.300Z [store-api] info : Servidor rodando na porta 3000
2023-12-26T16:42:19.748Z [store-api] info : POST /product - {"product_id":2,"supplier_id":1,"name":"Telefone sem fio","description":"Telefone sem fio muito prático","value":"200","stock":100}
2023-12-26T16:46:23.892Z [store-api] info : Servidor rodando na porta 3000
2023-12-26T16:48:07.683Z [store-api] info : Servidor rodando na porta 3000
2023-12-26T16:49:28.405Z [store-api] info : Servidor rodando na porta 3000
2023-12-26T16:49:54.353Z [store-api] info : GET /product
2023-12-26T16:55:20.668Z [store-api] info : GET /product/:id
2023-12-26T17:03:43.838Z [store-api] info : GET /product
2023-12-26T17:04:40.528Z [store-api] info : POST /product - {"product_id":3,"supplier_id":1,"name":"Internet Vapt-vupt","description":"Internet de alta velocidade","value":"500","stock":1000}
2023-12-26T17:04:44.823Z [store-api] info : GET /product
2023-12-26T17:05:48.704Z [store-api] info : PUT /product - {"product_id":3,"supplier_id":1,"name":"Internet Vapt-vupt","description":"Internet de alta velocidade","value":"200","stock":1000}
2023-12-26T17:05:52.857Z [store-api] info : GET /product
2023-12-26T17:09:37.176Z [store-api] error : PUT  - insert or update on table "products" violates foreign key constraint "fk_suppliers"
2023-12-26T17:13:06.088Z [store-api] info : Servidor rodando na porta 3000
2023-12-26T17:15:57.047Z [store-api] info : Servidor rodando na porta 3000
2023-12-26T17:17:40.408Z [store-api] error : POST  - O id do fornecedor informado não existe
2023-12-26T17:17:59.468Z [store-api] error : POST  - O id do fornecedor informado não existe
2023-12-26T17:19:22.780Z [store-api] info : Servidor rodando na porta 3000
2023-12-26T17:19:27.639Z [store-api] info : Servidor rodando na porta 3000
2023-12-26T17:19:59.935Z [store-api] error : PUT  - O id do fornecedor informado não existe
2023-12-26T17:20:09.596Z [store-api] info : PUT /product - {"product_id":3,"supplier_id":1,"name":"Internet Vapt-vupt","description":"Internet de alta velocidade","value":"150","stock":1000}
